20/4/2010 8:46:54 : INFO: CDRServer:@Getting data from queue table
20/4/2010 9:20:20 : INFO: FTP:@ starting FTP cdr file
20/4/2010 9:20:20 : INFO: FTP @No CDR file found, sleep in 1 min
20/4/2010 9:55:50 : INFO: CDRServer:@Getting data from queue table
20/4/2010 9:59:26 : INFO: CDRServer:@Getting data from queue table
20/4/2010 9:59:26 : INFO: queuery database@SELECT ID, USER_ID, SERVICE_ID, MOBILE_OPERATOR,   COMMAND_CODE, INFO, DATE_FORMAT(SUBMIT_DATE,'%Y%m%d%H%i%s') SUBMIT_DATE, DATE_FORMAT(DONE_DATE,'%Y%m%d%H%i%s') DONE_DATE,  TOTAL_SEGMENTS , process_result,Message_Type ,SUBMIT_DATE SUBMIT_DATE_TIMESTAMP , DONE_DATE DONE_DATE_TIMESTAMP,REQUEST_ID,CPID FROM cdr_queue  where MOBILE_OPERATOR='VMS'  and  USER_ID not in (select PhoneNumber from _cc_phone ) and (Message_Type like '2%'  or Message_Type ='1'  or Message_Type ='3') 
20/4/2010 10:0:29 : INFO: FTP:@ starting FTP cdr file
20/4/2010 10:3:38 : INFO: FTP @Ftp2CdrServer error: Ctrl: PWD, No Connection!
20/4/2010 10:23:38 : INFO: queuery database@SELECT ID, USER_ID, SERVICE_ID, MOBILE_OPERATOR,   COMMAND_CODE, INFO, DATE_FORMAT(SUBMIT_DATE,'%Y%m%d%H%i%s') SUBMIT_DATE, DATE_FORMAT(DONE_DATE,'%Y%m%d%H%i%s') DONE_DATE,  TOTAL_SEGMENTS , process_result,Message_Type ,SUBMIT_DATE SUBMIT_DATE_TIMESTAMP , DONE_DATE DONE_DATE_TIMESTAMP,REQUEST_ID,CPID FROM cdr_queue  where MOBILE_OPERATOR='VMS'  and  USER_ID not in (select PhoneNumber from _cc_phone ) and (Message_Type like '2%'  or Message_Type ='1'  or Message_Type ='3') 
20/4/2010 10:23:38 : INFO: FTP:@ starting FTP cdr file
20/4/2010 10:26:47 : INFO: FTP @Ftp2CdrServer error: Ctrl: PWD, No Connection!
20/4/2010 10:46:47 : INFO: queuery database@SELECT ID, USER_ID, SERVICE_ID, MOBILE_OPERATOR,   COMMAND_CODE, INFO, DATE_FORMAT(SUBMIT_DATE,'%Y%m%d%H%i%s') SUBMIT_DATE, DATE_FORMAT(DONE_DATE,'%Y%m%d%H%i%s') DONE_DATE,  TOTAL_SEGMENTS , process_result,Message_Type ,SUBMIT_DATE SUBMIT_DATE_TIMESTAMP , DONE_DATE DONE_DATE_TIMESTAMP,REQUEST_ID,CPID FROM cdr_queue  where MOBILE_OPERATOR='VMS'  and  USER_ID not in (select PhoneNumber from _cc_phone ) and (Message_Type like '2%'  or Message_Type ='1'  or Message_Type ='3') 
20/4/2010 10:46:47 : INFO: FTP:@ starting FTP cdr file
20/4/2010 10:49:56 : INFO: FTP @Ftp2CdrServer error: Ctrl: PWD, No Connection!
20/4/2010 11:9:56 : INFO: queuery database@SELECT ID, USER_ID, SERVICE_ID, MOBILE_OPERATOR,   COMMAND_CODE, INFO, DATE_FORMAT(SUBMIT_DATE,'%Y%m%d%H%i%s') SUBMIT_DATE, DATE_FORMAT(DONE_DATE,'%Y%m%d%H%i%s') DONE_DATE,  TOTAL_SEGMENTS , process_result,Message_Type ,SUBMIT_DATE SUBMIT_DATE_TIMESTAMP , DONE_DATE DONE_DATE_TIMESTAMP,REQUEST_ID,CPID FROM cdr_queue  where MOBILE_OPERATOR='VMS'  and  USER_ID not in (select PhoneNumber from _cc_phone ) and (Message_Type like '2%'  or Message_Type ='1'  or Message_Type ='3') 
20/4/2010 11:9:56 : INFO: FTP:@ starting FTP cdr file
20/4/2010 11:13:5 : INFO: FTP @Ftp2CdrServer error: Ctrl: PWD, No Connection!
20/4/2010 11:33:6 : INFO: queuery database@SELECT ID, USER_ID, SERVICE_ID, MOBILE_OPERATOR,   COMMAND_CODE, INFO, DATE_FORMAT(SUBMIT_DATE,'%Y%m%d%H%i%s') SUBMIT_DATE, DATE_FORMAT(DONE_DATE,'%Y%m%d%H%i%s') DONE_DATE,  TOTAL_SEGMENTS , process_result,Message_Type ,SUBMIT_DATE SUBMIT_DATE_TIMESTAMP , DONE_DATE DONE_DATE_TIMESTAMP,REQUEST_ID,CPID FROM cdr_queue  where MOBILE_OPERATOR='VMS'  and  USER_ID not in (select PhoneNumber from _cc_phone ) and (Message_Type like '2%'  or Message_Type ='1'  or Message_Type ='3') 
20/4/2010 11:33:6 : INFO: FTP:@ starting FTP cdr file
20/4/2010 11:36:15 : INFO: FTP @Ftp2CdrServer error: Ctrl: PWD, No Connection!
20/4/2010 11:56:15 : INFO: queuery database@SELECT ID, USER_ID, SERVICE_ID, MOBILE_OPERATOR,   COMMAND_CODE, INFO, DATE_FORMAT(SUBMIT_DATE,'%Y%m%d%H%i%s') SUBMIT_DATE, DATE_FORMAT(DONE_DATE,'%Y%m%d%H%i%s') DONE_DATE,  TOTAL_SEGMENTS , process_result,Message_Type ,SUBMIT_DATE SUBMIT_DATE_TIMESTAMP , DONE_DATE DONE_DATE_TIMESTAMP,REQUEST_ID,CPID FROM cdr_queue  where MOBILE_OPERATOR='VMS'  and  USER_ID not in (select PhoneNumber from _cc_phone ) and (Message_Type like '2%'  or Message_Type ='1'  or Message_Type ='3') 
20/4/2010 11:56:15 : INFO: FTP:@ starting FTP cdr file
20/4/2010 11:59:24 : INFO: FTP @Ftp2CdrServer error: Ctrl: PWD, No Connection!
20/4/2010 12:19:24 : INFO: queuery database@SELECT ID, USER_ID, SERVICE_ID, MOBILE_OPERATOR,   COMMAND_CODE, INFO, DATE_FORMAT(SUBMIT_DATE,'%Y%m%d%H%i%s') SUBMIT_DATE, DATE_FORMAT(DONE_DATE,'%Y%m%d%H%i%s') DONE_DATE,  TOTAL_SEGMENTS , process_result,Message_Type ,SUBMIT_DATE SUBMIT_DATE_TIMESTAMP , DONE_DATE DONE_DATE_TIMESTAMP,REQUEST_ID,CPID FROM cdr_queue  where MOBILE_OPERATOR='VMS'  and  USER_ID not in (select PhoneNumber from _cc_phone ) and (Message_Type like '2%'  or Message_Type ='1'  or Message_Type ='3') 
20/4/2010 12:19:24 : INFO: FTP:@ starting FTP cdr file
20/4/2010 12:22:33 : INFO: FTP @Ftp2CdrServer error: Ctrl: PWD, No Connection!
20/4/2010 12:42:33 : INFO: queuery database@SELECT ID, USER_ID, SERVICE_ID, MOBILE_OPERATOR,   COMMAND_CODE, INFO, DATE_FORMAT(SUBMIT_DATE,'%Y%m%d%H%i%s') SUBMIT_DATE, DATE_FORMAT(DONE_DATE,'%Y%m%d%H%i%s') DONE_DATE,  TOTAL_SEGMENTS , process_result,Message_Type ,SUBMIT_DATE SUBMIT_DATE_TIMESTAMP , DONE_DATE DONE_DATE_TIMESTAMP,REQUEST_ID,CPID FROM cdr_queue  where MOBILE_OPERATOR='VMS'  and  USER_ID not in (select PhoneNumber from _cc_phone ) and (Message_Type like '2%'  or Message_Type ='1'  or Message_Type ='3') 
20/4/2010 12:42:33 : INFO: FTP:@ starting FTP cdr file
20/4/2010 12:45:42 : INFO: FTP @Ftp2CdrServer error: Ctrl: PWD, No Connection!
20/4/2010 13:5:42 : INFO: queuery database@SELECT ID, USER_ID, SERVICE_ID, MOBILE_OPERATOR,   COMMAND_CODE, INFO, DATE_FORMAT(SUBMIT_DATE,'%Y%m%d%H%i%s') SUBMIT_DATE, DATE_FORMAT(DONE_DATE,'%Y%m%d%H%i%s') DONE_DATE,  TOTAL_SEGMENTS , process_result,Message_Type ,SUBMIT_DATE SUBMIT_DATE_TIMESTAMP , DONE_DATE DONE_DATE_TIMESTAMP,REQUEST_ID,CPID FROM cdr_queue  where MOBILE_OPERATOR='VMS'  and  USER_ID not in (select PhoneNumber from _cc_phone ) and (Message_Type like '2%'  or Message_Type ='1'  or Message_Type ='3') 
20/4/2010 13:5:42 : INFO: FTP:@ starting FTP cdr file
20/4/2010 13:8:51 : INFO: FTP @Ftp2CdrServer error: Ctrl: PWD, No Connection!
20/4/2010 13:28:52 : INFO: queuery database@SELECT ID, USER_ID, SERVICE_ID, MOBILE_OPERATOR,   COMMAND_CODE, INFO, DATE_FORMAT(SUBMIT_DATE,'%Y%m%d%H%i%s') SUBMIT_DATE, DATE_FORMAT(DONE_DATE,'%Y%m%d%H%i%s') DONE_DATE,  TOTAL_SEGMENTS , process_result,Message_Type ,SUBMIT_DATE SUBMIT_DATE_TIMESTAMP , DONE_DATE DONE_DATE_TIMESTAMP,REQUEST_ID,CPID FROM cdr_queue  where MOBILE_OPERATOR='VMS'  and  USER_ID not in (select PhoneNumber from _cc_phone ) and (Message_Type like '2%'  or Message_Type ='1'  or Message_Type ='3') 
20/4/2010 13:28:52 : INFO: FTP:@ starting FTP cdr file
20/4/2010 13:32:1 : INFO: FTP @Ftp2CdrServer error: Ctrl: PWD, No Connection!
20/4/2010 13:52:1 : INFO: queuery database@SELECT ID, USER_ID, SERVICE_ID, MOBILE_OPERATOR,   COMMAND_CODE, INFO, DATE_FORMAT(SUBMIT_DATE,'%Y%m%d%H%i%s') SUBMIT_DATE, DATE_FORMAT(DONE_DATE,'%Y%m%d%H%i%s') DONE_DATE,  TOTAL_SEGMENTS , process_result,Message_Type ,SUBMIT_DATE SUBMIT_DATE_TIMESTAMP , DONE_DATE DONE_DATE_TIMESTAMP,REQUEST_ID,CPID FROM cdr_queue  where MOBILE_OPERATOR='VMS'  and  USER_ID not in (select PhoneNumber from _cc_phone ) and (Message_Type like '2%'  or Message_Type ='1'  or Message_Type ='3') 
20/4/2010 13:52:1 : INFO: FTP:@ starting FTP cdr file
20/4/2010 13:55:10 : INFO: FTP @Ftp2CdrServer error: Ctrl: PWD, No Connection!
20/4/2010 14:15:10 : INFO: queuery database@SELECT ID, USER_ID, SERVICE_ID, MOBILE_OPERATOR,   COMMAND_CODE, INFO, DATE_FORMAT(SUBMIT_DATE,'%Y%m%d%H%i%s') SUBMIT_DATE, DATE_FORMAT(DONE_DATE,'%Y%m%d%H%i%s') DONE_DATE,  TOTAL_SEGMENTS , process_result,Message_Type ,SUBMIT_DATE SUBMIT_DATE_TIMESTAMP , DONE_DATE DONE_DATE_TIMESTAMP,REQUEST_ID,CPID FROM cdr_queue  where MOBILE_OPERATOR='VMS'  and  USER_ID not in (select PhoneNumber from _cc_phone ) and (Message_Type like '2%'  or Message_Type ='1'  or Message_Type ='3') 
20/4/2010 14:15:10 : INFO: FTP:@ starting FTP cdr file
20/4/2010 14:18:19 : INFO: FTP @Ftp2CdrServer error: Ctrl: PWD, No Connection!
20/4/2010 14:38:19 : INFO: queuery database@SELECT ID, USER_ID, SERVICE_ID, MOBILE_OPERATOR,   COMMAND_CODE, INFO, DATE_FORMAT(SUBMIT_DATE,'%Y%m%d%H%i%s') SUBMIT_DATE, DATE_FORMAT(DONE_DATE,'%Y%m%d%H%i%s') DONE_DATE,  TOTAL_SEGMENTS , process_result,Message_Type ,SUBMIT_DATE SUBMIT_DATE_TIMESTAMP , DONE_DATE DONE_DATE_TIMESTAMP,REQUEST_ID,CPID FROM cdr_queue  where MOBILE_OPERATOR='VMS'  and  USER_ID not in (select PhoneNumber from _cc_phone ) and (Message_Type like '2%'  or Message_Type ='1'  or Message_Type ='3') 
20/4/2010 14:38:19 : INFO: FTP:@ starting FTP cdr file
20/4/2010 14:41:28 : INFO: FTP @Ftp2CdrServer error: Ctrl: PWD, No Connection!
20/4/2010 15:1:28 : INFO: queuery database@SELECT ID, USER_ID, SERVICE_ID, MOBILE_OPERATOR,   COMMAND_CODE, INFO, DATE_FORMAT(SUBMIT_DATE,'%Y%m%d%H%i%s') SUBMIT_DATE, DATE_FORMAT(DONE_DATE,'%Y%m%d%H%i%s') DONE_DATE,  TOTAL_SEGMENTS , process_result,Message_Type ,SUBMIT_DATE SUBMIT_DATE_TIMESTAMP , DONE_DATE DONE_DATE_TIMESTAMP,REQUEST_ID,CPID FROM cdr_queue  where MOBILE_OPERATOR='VMS'  and  USER_ID not in (select PhoneNumber from _cc_phone ) and (Message_Type like '2%'  or Message_Type ='1'  or Message_Type ='3') 
20/4/2010 15:1:28 : INFO: FTP:@ starting FTP cdr file
20/4/2010 15:4:37 : INFO: FTP @Ftp2CdrServer error: Ctrl: PWD, No Connection!
20/4/2010 15:24:38 : INFO: queuery database@SELECT ID, USER_ID, SERVICE_ID, MOBILE_OPERATOR,   COMMAND_CODE, INFO, DATE_FORMAT(SUBMIT_DATE,'%Y%m%d%H%i%s') SUBMIT_DATE, DATE_FORMAT(DONE_DATE,'%Y%m%d%H%i%s') DONE_DATE,  TOTAL_SEGMENTS , process_result,Message_Type ,SUBMIT_DATE SUBMIT_DATE_TIMESTAMP , DONE_DATE DONE_DATE_TIMESTAMP,REQUEST_ID,CPID FROM cdr_queue  where MOBILE_OPERATOR='VMS'  and  USER_ID not in (select PhoneNumber from _cc_phone ) and (Message_Type like '2%'  or Message_Type ='1'  or Message_Type ='3') 
20/4/2010 15:24:38 : INFO: FTP:@ starting FTP cdr file
20/4/2010 15:27:47 : INFO: FTP @Ftp2CdrServer error: Ctrl: PWD, No Connection!
20/4/2010 15:47:47 : INFO: queuery database@SELECT ID, USER_ID, SERVICE_ID, MOBILE_OPERATOR,   COMMAND_CODE, INFO, DATE_FORMAT(SUBMIT_DATE,'%Y%m%d%H%i%s') SUBMIT_DATE, DATE_FORMAT(DONE_DATE,'%Y%m%d%H%i%s') DONE_DATE,  TOTAL_SEGMENTS , process_result,Message_Type ,SUBMIT_DATE SUBMIT_DATE_TIMESTAMP , DONE_DATE DONE_DATE_TIMESTAMP,REQUEST_ID,CPID FROM cdr_queue  where MOBILE_OPERATOR='VMS'  and  USER_ID not in (select PhoneNumber from _cc_phone ) and (Message_Type like '2%'  or Message_Type ='1'  or Message_Type ='3') 
20/4/2010 15:47:47 : INFO: FTP:@ starting FTP cdr file
20/4/2010 15:50:56 : INFO: FTP @Ftp2CdrServer error: Ctrl: PWD, No Connection!
20/4/2010 16:10:56 : INFO: queuery database@SELECT ID, USER_ID, SERVICE_ID, MOBILE_OPERATOR,   COMMAND_CODE, INFO, DATE_FORMAT(SUBMIT_DATE,'%Y%m%d%H%i%s') SUBMIT_DATE, DATE_FORMAT(DONE_DATE,'%Y%m%d%H%i%s') DONE_DATE,  TOTAL_SEGMENTS , process_result,Message_Type ,SUBMIT_DATE SUBMIT_DATE_TIMESTAMP , DONE_DATE DONE_DATE_TIMESTAMP,REQUEST_ID,CPID FROM cdr_queue  where MOBILE_OPERATOR='VMS'  and  USER_ID not in (select PhoneNumber from _cc_phone ) and (Message_Type like '2%'  or Message_Type ='1'  or Message_Type ='3') 
20/4/2010 16:10:56 : INFO: FTP:@ starting FTP cdr file
20/4/2010 16:14:5 : INFO: FTP @Ftp2CdrServer error: Ctrl: PWD, No Connection!
20/4/2010 16:34:5 : INFO: queuery database@SELECT ID, USER_ID, SERVICE_ID, MOBILE_OPERATOR,   COMMAND_CODE, INFO, DATE_FORMAT(SUBMIT_DATE,'%Y%m%d%H%i%s') SUBMIT_DATE, DATE_FORMAT(DONE_DATE,'%Y%m%d%H%i%s') DONE_DATE,  TOTAL_SEGMENTS , process_result,Message_Type ,SUBMIT_DATE SUBMIT_DATE_TIMESTAMP , DONE_DATE DONE_DATE_TIMESTAMP,REQUEST_ID,CPID FROM cdr_queue  where MOBILE_OPERATOR='VMS'  and  USER_ID not in (select PhoneNumber from _cc_phone ) and (Message_Type like '2%'  or Message_Type ='1'  or Message_Type ='3') 
20/4/2010 16:34:5 : INFO: FTP:@ starting FTP cdr file
20/4/2010 16:37:14 : INFO: FTP @Ftp2CdrServer error: Ctrl: PWD, No Connection!
20/4/2010 16:57:15 : INFO: queuery database@SELECT ID, USER_ID, SERVICE_ID, MOBILE_OPERATOR,   COMMAND_CODE, INFO, DATE_FORMAT(SUBMIT_DATE,'%Y%m%d%H%i%s') SUBMIT_DATE, DATE_FORMAT(DONE_DATE,'%Y%m%d%H%i%s') DONE_DATE,  TOTAL_SEGMENTS , process_result,Message_Type ,SUBMIT_DATE SUBMIT_DATE_TIMESTAMP , DONE_DATE DONE_DATE_TIMESTAMP,REQUEST_ID,CPID FROM cdr_queue  where MOBILE_OPERATOR='VMS'  and  USER_ID not in (select PhoneNumber from _cc_phone ) and (Message_Type like '2%'  or Message_Type ='1'  or Message_Type ='3') 
20/4/2010 16:57:15 : INFO: FTP:@ starting FTP cdr file
20/4/2010 17:0:24 : INFO: FTP @Ftp2CdrServer error: Ctrl: PWD, No Connection!
20/4/2010 17:20:24 : INFO: queuery database@SELECT ID, USER_ID, SERVICE_ID, MOBILE_OPERATOR,   COMMAND_CODE, INFO, DATE_FORMAT(SUBMIT_DATE,'%Y%m%d%H%i%s') SUBMIT_DATE, DATE_FORMAT(DONE_DATE,'%Y%m%d%H%i%s') DONE_DATE,  TOTAL_SEGMENTS , process_result,Message_Type ,SUBMIT_DATE SUBMIT_DATE_TIMESTAMP , DONE_DATE DONE_DATE_TIMESTAMP,REQUEST_ID,CPID FROM cdr_queue  where MOBILE_OPERATOR='VMS'  and  USER_ID not in (select PhoneNumber from _cc_phone ) and (Message_Type like '2%'  or Message_Type ='1'  or Message_Type ='3') 
20/4/2010 17:20:24 : INFO: FTP:@ starting FTP cdr file
20/4/2010 17:23:33 : INFO: FTP @Ftp2CdrServer error: Ctrl: PWD, No Connection!
20/4/2010 17:43:33 : INFO: queuery database@SELECT ID, USER_ID, SERVICE_ID, MOBILE_OPERATOR,   COMMAND_CODE, INFO, DATE_FORMAT(SUBMIT_DATE,'%Y%m%d%H%i%s') SUBMIT_DATE, DATE_FORMAT(DONE_DATE,'%Y%m%d%H%i%s') DONE_DATE,  TOTAL_SEGMENTS , process_result,Message_Type ,SUBMIT_DATE SUBMIT_DATE_TIMESTAMP , DONE_DATE DONE_DATE_TIMESTAMP,REQUEST_ID,CPID FROM cdr_queue  where MOBILE_OPERATOR='VMS'  and  USER_ID not in (select PhoneNumber from _cc_phone ) and (Message_Type like '2%'  or Message_Type ='1'  or Message_Type ='3') 
20/4/2010 17:43:33 : INFO: FTP:@ starting FTP cdr file
20/4/2010 17:46:42 : INFO: FTP @Ftp2CdrServer error: Ctrl: PWD, No Connection!
20/4/2010 18:6:42 : INFO: queuery database@SELECT ID, USER_ID, SERVICE_ID, MOBILE_OPERATOR,   COMMAND_CODE, INFO, DATE_FORMAT(SUBMIT_DATE,'%Y%m%d%H%i%s') SUBMIT_DATE, DATE_FORMAT(DONE_DATE,'%Y%m%d%H%i%s') DONE_DATE,  TOTAL_SEGMENTS , process_result,Message_Type ,SUBMIT_DATE SUBMIT_DATE_TIMESTAMP , DONE_DATE DONE_DATE_TIMESTAMP,REQUEST_ID,CPID FROM cdr_queue  where MOBILE_OPERATOR='VMS'  and  USER_ID not in (select PhoneNumber from _cc_phone ) and (Message_Type like '2%'  or Message_Type ='1'  or Message_Type ='3') 
20/4/2010 18:6:42 : INFO: FTP:@ starting FTP cdr file
20/4/2010 18:9:51 : INFO: FTP @Ftp2CdrServer error: Ctrl: PWD, No Connection!
20/4/2010 18:29:51 : INFO: queuery database@SELECT ID, USER_ID, SERVICE_ID, MOBILE_OPERATOR,   COMMAND_CODE, INFO, DATE_FORMAT(SUBMIT_DATE,'%Y%m%d%H%i%s') SUBMIT_DATE, DATE_FORMAT(DONE_DATE,'%Y%m%d%H%i%s') DONE_DATE,  TOTAL_SEGMENTS , process_result,Message_Type ,SUBMIT_DATE SUBMIT_DATE_TIMESTAMP , DONE_DATE DONE_DATE_TIMESTAMP,REQUEST_ID,CPID FROM cdr_queue  where MOBILE_OPERATOR='VMS'  and  USER_ID not in (select PhoneNumber from _cc_phone ) and (Message_Type like '2%'  or Message_Type ='1'  or Message_Type ='3') 
20/4/2010 18:29:51 : INFO: FTP:@ starting FTP cdr file
20/4/2010 18:33:0 : INFO: FTP @Ftp2CdrServer error: Ctrl: PWD, No Connection!
20/4/2010 18:53:1 : INFO: queuery database@SELECT ID, USER_ID, SERVICE_ID, MOBILE_OPERATOR,   COMMAND_CODE, INFO, DATE_FORMAT(SUBMIT_DATE,'%Y%m%d%H%i%s') SUBMIT_DATE, DATE_FORMAT(DONE_DATE,'%Y%m%d%H%i%s') DONE_DATE,  TOTAL_SEGMENTS , process_result,Message_Type ,SUBMIT_DATE SUBMIT_DATE_TIMESTAMP , DONE_DATE DONE_DATE_TIMESTAMP,REQUEST_ID,CPID FROM cdr_queue  where MOBILE_OPERATOR='VMS'  and  USER_ID not in (select PhoneNumber from _cc_phone ) and (Message_Type like '2%'  or Message_Type ='1'  or Message_Type ='3') 
20/4/2010 18:53:1 : INFO: FTP:@ starting FTP cdr file
20/4/2010 18:56:10 : INFO: FTP @Ftp2CdrServer error: Ctrl: PWD, No Connection!
20/4/2010 19:16:10 : INFO: queuery database@SELECT ID, USER_ID, SERVICE_ID, MOBILE_OPERATOR,   COMMAND_CODE, INFO, DATE_FORMAT(SUBMIT_DATE,'%Y%m%d%H%i%s') SUBMIT_DATE, DATE_FORMAT(DONE_DATE,'%Y%m%d%H%i%s') DONE_DATE,  TOTAL_SEGMENTS , process_result,Message_Type ,SUBMIT_DATE SUBMIT_DATE_TIMESTAMP , DONE_DATE DONE_DATE_TIMESTAMP,REQUEST_ID,CPID FROM cdr_queue  where MOBILE_OPERATOR='VMS'  and  USER_ID not in (select PhoneNumber from _cc_phone ) and (Message_Type like '2%'  or Message_Type ='1'  or Message_Type ='3') 
20/4/2010 19:16:10 : INFO: FTP:@ starting FTP cdr file
20/4/2010 19:19:19 : INFO: FTP @Ftp2CdrServer error: Ctrl: PWD, No Connection!
20/4/2010 19:39:19 : INFO: queuery database@SELECT ID, USER_ID, SERVICE_ID, MOBILE_OPERATOR,   COMMAND_CODE, INFO, DATE_FORMAT(SUBMIT_DATE,'%Y%m%d%H%i%s') SUBMIT_DATE, DATE_FORMAT(DONE_DATE,'%Y%m%d%H%i%s') DONE_DATE,  TOTAL_SEGMENTS , process_result,Message_Type ,SUBMIT_DATE SUBMIT_DATE_TIMESTAMP , DONE_DATE DONE_DATE_TIMESTAMP,REQUEST_ID,CPID FROM cdr_queue  where MOBILE_OPERATOR='VMS'  and  USER_ID not in (select PhoneNumber from _cc_phone ) and (Message_Type like '2%'  or Message_Type ='1'  or Message_Type ='3') 
20/4/2010 19:39:19 : INFO: FTP:@ starting FTP cdr file
20/4/2010 19:42:28 : INFO: FTP @Ftp2CdrServer error: Ctrl: PWD, No Connection!
20/4/2010 20:2:28 : INFO: queuery database@SELECT ID, USER_ID, SERVICE_ID, MOBILE_OPERATOR,   COMMAND_CODE, INFO, DATE_FORMAT(SUBMIT_DATE,'%Y%m%d%H%i%s') SUBMIT_DATE, DATE_FORMAT(DONE_DATE,'%Y%m%d%H%i%s') DONE_DATE,  TOTAL_SEGMENTS , process_result,Message_Type ,SUBMIT_DATE SUBMIT_DATE_TIMESTAMP , DONE_DATE DONE_DATE_TIMESTAMP,REQUEST_ID,CPID FROM cdr_queue  where MOBILE_OPERATOR='VMS'  and  USER_ID not in (select PhoneNumber from _cc_phone ) and (Message_Type like '2%'  or Message_Type ='1'  or Message_Type ='3') 
20/4/2010 20:2:28 : INFO: FTP:@ starting FTP cdr file
20/4/2010 20:5:37 : INFO: FTP @Ftp2CdrServer error: Ctrl: PWD, No Connection!
20/4/2010 20:25:37 : INFO: queuery database@SELECT ID, USER_ID, SERVICE_ID, MOBILE_OPERATOR,   COMMAND_CODE, INFO, DATE_FORMAT(SUBMIT_DATE,'%Y%m%d%H%i%s') SUBMIT_DATE, DATE_FORMAT(DONE_DATE,'%Y%m%d%H%i%s') DONE_DATE,  TOTAL_SEGMENTS , process_result,Message_Type ,SUBMIT_DATE SUBMIT_DATE_TIMESTAMP , DONE_DATE DONE_DATE_TIMESTAMP,REQUEST_ID,CPID FROM cdr_queue  where MOBILE_OPERATOR='VMS'  and  USER_ID not in (select PhoneNumber from _cc_phone ) and (Message_Type like '2%'  or Message_Type ='1'  or Message_Type ='3') 
20/4/2010 20:25:37 : INFO: FTP:@ starting FTP cdr file
20/4/2010 20:28:46 : INFO: FTP @Ftp2CdrServer error: Ctrl: PWD, No Connection!
20/4/2010 20:48:47 : INFO: queuery database@SELECT ID, USER_ID, SERVICE_ID, MOBILE_OPERATOR,   COMMAND_CODE, INFO, DATE_FORMAT(SUBMIT_DATE,'%Y%m%d%H%i%s') SUBMIT_DATE, DATE_FORMAT(DONE_DATE,'%Y%m%d%H%i%s') DONE_DATE,  TOTAL_SEGMENTS , process_result,Message_Type ,SUBMIT_DATE SUBMIT_DATE_TIMESTAMP , DONE_DATE DONE_DATE_TIMESTAMP,REQUEST_ID,CPID FROM cdr_queue  where MOBILE_OPERATOR='VMS'  and  USER_ID not in (select PhoneNumber from _cc_phone ) and (Message_Type like '2%'  or Message_Type ='1'  or Message_Type ='3') 
20/4/2010 20:48:47 : INFO: FTP:@ starting FTP cdr file
20/4/2010 20:51:56 : INFO: FTP @Ftp2CdrServer error: Ctrl: PWD, No Connection!
20/4/2010 21:11:56 : INFO: queuery database@SELECT ID, USER_ID, SERVICE_ID, MOBILE_OPERATOR,   COMMAND_CODE, INFO, DATE_FORMAT(SUBMIT_DATE,'%Y%m%d%H%i%s') SUBMIT_DATE, DATE_FORMAT(DONE_DATE,'%Y%m%d%H%i%s') DONE_DATE,  TOTAL_SEGMENTS , process_result,Message_Type ,SUBMIT_DATE SUBMIT_DATE_TIMESTAMP , DONE_DATE DONE_DATE_TIMESTAMP,REQUEST_ID,CPID FROM cdr_queue  where MOBILE_OPERATOR='VMS'  and  USER_ID not in (select PhoneNumber from _cc_phone ) and (Message_Type like '2%'  or Message_Type ='1'  or Message_Type ='3') 
20/4/2010 21:11:56 : INFO: FTP:@ starting FTP cdr file
20/4/2010 21:15:5 : INFO: FTP @Ftp2CdrServer error: Ctrl: PWD, No Connection!
20/4/2010 21:35:5 : INFO: queuery database@SELECT ID, USER_ID, SERVICE_ID, MOBILE_OPERATOR,   COMMAND_CODE, INFO, DATE_FORMAT(SUBMIT_DATE,'%Y%m%d%H%i%s') SUBMIT_DATE, DATE_FORMAT(DONE_DATE,'%Y%m%d%H%i%s') DONE_DATE,  TOTAL_SEGMENTS , process_result,Message_Type ,SUBMIT_DATE SUBMIT_DATE_TIMESTAMP , DONE_DATE DONE_DATE_TIMESTAMP,REQUEST_ID,CPID FROM cdr_queue  where MOBILE_OPERATOR='VMS'  and  USER_ID not in (select PhoneNumber from _cc_phone ) and (Message_Type like '2%'  or Message_Type ='1'  or Message_Type ='3') 
20/4/2010 21:35:5 : INFO: FTP:@ starting FTP cdr file
20/4/2010 21:38:14 : INFO: FTP @Ftp2CdrServer error: Ctrl: PWD, No Connection!
20/4/2010 21:58:14 : INFO: queuery database@SELECT ID, USER_ID, SERVICE_ID, MOBILE_OPERATOR,   COMMAND_CODE, INFO, DATE_FORMAT(SUBMIT_DATE,'%Y%m%d%H%i%s') SUBMIT_DATE, DATE_FORMAT(DONE_DATE,'%Y%m%d%H%i%s') DONE_DATE,  TOTAL_SEGMENTS , process_result,Message_Type ,SUBMIT_DATE SUBMIT_DATE_TIMESTAMP , DONE_DATE DONE_DATE_TIMESTAMP,REQUEST_ID,CPID FROM cdr_queue  where MOBILE_OPERATOR='VMS'  and  USER_ID not in (select PhoneNumber from _cc_phone ) and (Message_Type like '2%'  or Message_Type ='1'  or Message_Type ='3') 
20/4/2010 21:58:14 : INFO: FTP:@ starting FTP cdr file
20/4/2010 22:1:23 : INFO: FTP @Ftp2CdrServer error: Ctrl: PWD, No Connection!
20/4/2010 22:21:24 : INFO: queuery database@SELECT ID, USER_ID, SERVICE_ID, MOBILE_OPERATOR,   COMMAND_CODE, INFO, DATE_FORMAT(SUBMIT_DATE,'%Y%m%d%H%i%s') SUBMIT_DATE, DATE_FORMAT(DONE_DATE,'%Y%m%d%H%i%s') DONE_DATE,  TOTAL_SEGMENTS , process_result,Message_Type ,SUBMIT_DATE SUBMIT_DATE_TIMESTAMP , DONE_DATE DONE_DATE_TIMESTAMP,REQUEST_ID,CPID FROM cdr_queue  where MOBILE_OPERATOR='VMS'  and  USER_ID not in (select PhoneNumber from _cc_phone ) and (Message_Type like '2%'  or Message_Type ='1'  or Message_Type ='3') 
20/4/2010 22:21:24 : INFO: FTP:@ starting FTP cdr file
20/4/2010 22:24:33 : INFO: FTP @Ftp2CdrServer error: Ctrl: PWD, No Connection!
20/4/2010 22:44:33 : INFO: queuery database@SELECT ID, USER_ID, SERVICE_ID, MOBILE_OPERATOR,   COMMAND_CODE, INFO, DATE_FORMAT(SUBMIT_DATE,'%Y%m%d%H%i%s') SUBMIT_DATE, DATE_FORMAT(DONE_DATE,'%Y%m%d%H%i%s') DONE_DATE,  TOTAL_SEGMENTS , process_result,Message_Type ,SUBMIT_DATE SUBMIT_DATE_TIMESTAMP , DONE_DATE DONE_DATE_TIMESTAMP,REQUEST_ID,CPID FROM cdr_queue  where MOBILE_OPERATOR='VMS'  and  USER_ID not in (select PhoneNumber from _cc_phone ) and (Message_Type like '2%'  or Message_Type ='1'  or Message_Type ='3') 
20/4/2010 22:44:33 : INFO: FTP:@ starting FTP cdr file
20/4/2010 22:47:42 : INFO: FTP @Ftp2CdrServer error: Ctrl: PWD, No Connection!
20/4/2010 23:7:42 : INFO: queuery database@SELECT ID, USER_ID, SERVICE_ID, MOBILE_OPERATOR,   COMMAND_CODE, INFO, DATE_FORMAT(SUBMIT_DATE,'%Y%m%d%H%i%s') SUBMIT_DATE, DATE_FORMAT(DONE_DATE,'%Y%m%d%H%i%s') DONE_DATE,  TOTAL_SEGMENTS , process_result,Message_Type ,SUBMIT_DATE SUBMIT_DATE_TIMESTAMP , DONE_DATE DONE_DATE_TIMESTAMP,REQUEST_ID,CPID FROM cdr_queue  where MOBILE_OPERATOR='VMS'  and  USER_ID not in (select PhoneNumber from _cc_phone ) and (Message_Type like '2%'  or Message_Type ='1'  or Message_Type ='3') 
20/4/2010 23:7:42 : INFO: FTP:@ starting FTP cdr file
20/4/2010 23:10:51 : INFO: FTP @Ftp2CdrServer error: Ctrl: PWD, No Connection!
20/4/2010 23:30:51 : INFO: queuery database@SELECT ID, USER_ID, SERVICE_ID, MOBILE_OPERATOR,   COMMAND_CODE, INFO, DATE_FORMAT(SUBMIT_DATE,'%Y%m%d%H%i%s') SUBMIT_DATE, DATE_FORMAT(DONE_DATE,'%Y%m%d%H%i%s') DONE_DATE,  TOTAL_SEGMENTS , process_result,Message_Type ,SUBMIT_DATE SUBMIT_DATE_TIMESTAMP , DONE_DATE DONE_DATE_TIMESTAMP,REQUEST_ID,CPID FROM cdr_queue  where MOBILE_OPERATOR='VMS'  and  USER_ID not in (select PhoneNumber from _cc_phone ) and (Message_Type like '2%'  or Message_Type ='1'  or Message_Type ='3') 
20/4/2010 23:30:51 : INFO: FTP:@ starting FTP cdr file
20/4/2010 23:34:0 : INFO: FTP @Ftp2CdrServer error: Ctrl: PWD, No Connection!
20/4/2010 23:54:0 : INFO: queuery database@SELECT ID, USER_ID, SERVICE_ID, MOBILE_OPERATOR,   COMMAND_CODE, INFO, DATE_FORMAT(SUBMIT_DATE,'%Y%m%d%H%i%s') SUBMIT_DATE, DATE_FORMAT(DONE_DATE,'%Y%m%d%H%i%s') DONE_DATE,  TOTAL_SEGMENTS , process_result,Message_Type ,SUBMIT_DATE SUBMIT_DATE_TIMESTAMP , DONE_DATE DONE_DATE_TIMESTAMP,REQUEST_ID,CPID FROM cdr_queue  where MOBILE_OPERATOR='VMS'  and  USER_ID not in (select PhoneNumber from _cc_phone ) and (Message_Type like '2%'  or Message_Type ='1'  or Message_Type ='3') 
20/4/2010 23:54:0 : INFO: FTP:@ starting FTP cdr file
20/4/2010 23:57:9 : INFO: FTP @Ftp2CdrServer error: Ctrl: PWD, No Connection!
