30/12/2008 17:39:17 : INFO: CDRServer:@Getting data from queue table
30/12/2008 17:39:17 : INFO: queuery database@SELECT ID, USER_ID, SERVICE_ID, MOBILE_OPERATOR,   COMMAND_CODE, INFO, DATE_FORMAT(SUBMIT_DATE,'%Y%m%d%H%i%s') SUBMIT_DATE, DATE_FORMAT(DONE_DATE,'%Y%m%d%H%i%s') DONE_DATE,  TOTAL_SEGMENTS , process_result,Message_Type ,SUBMIT_DATE SUBMIT_DATE_TIMESTAMP , DONE_DATE DONE_DATE_TIMESTAMP,REQUEST_ID,CPID FROM cdr_queue  where MOBILE_OPERATOR='VMS'  and  USER_ID not in (select PhoneNumber from _cc_phone ) and (Message_Type like '2%'  or Message_Type ='1'  or Message_Type ='3') 
30/12/2008 17:39:17 : INFO: FTP:@ starting FTP cdr file
30/12/2008 17:39:17 : INFO: FTP: true
30/12/2008 17:39:17 : INFO: backup file: from: CDROUT/vinagame_20081230_2931.cdr to: ./CDRSENT/2008-12-30/vinagame_20081230_2931.cdr
30/12/2008 17:39:17 : INFO: FTP : file name: vinagame_20081230_2931.cdr# filesize: 158 bytes
30/12/2008 17:59:17 : INFO: queuery database@SELECT ID, USER_ID, SERVICE_ID, MOBILE_OPERATOR,   COMMAND_CODE, INFO, DATE_FORMAT(SUBMIT_DATE,'%Y%m%d%H%i%s') SUBMIT_DATE, DATE_FORMAT(DONE_DATE,'%Y%m%d%H%i%s') DONE_DATE,  TOTAL_SEGMENTS , process_result,Message_Type ,SUBMIT_DATE SUBMIT_DATE_TIMESTAMP , DONE_DATE DONE_DATE_TIMESTAMP,REQUEST_ID,CPID FROM cdr_queue  where MOBILE_OPERATOR='VMS'  and  USER_ID not in (select PhoneNumber from _cc_phone ) and (Message_Type like '2%'  or Message_Type ='1'  or Message_Type ='3') 
30/12/2008 17:59:18 : INFO: FTP:@ starting FTP cdr file
30/12/2008 17:59:18 : INFO: FTP @No CDR file found, sleep in 1 min
30/12/2008 18:20:18 : INFO: queuery database@SELECT ID, USER_ID, SERVICE_ID, MOBILE_OPERATOR,   COMMAND_CODE, INFO, DATE_FORMAT(SUBMIT_DATE,'%Y%m%d%H%i%s') SUBMIT_DATE, DATE_FORMAT(DONE_DATE,'%Y%m%d%H%i%s') DONE_DATE,  TOTAL_SEGMENTS , process_result,Message_Type ,SUBMIT_DATE SUBMIT_DATE_TIMESTAMP , DONE_DATE DONE_DATE_TIMESTAMP,REQUEST_ID,CPID FROM cdr_queue  where MOBILE_OPERATOR='VMS'  and  USER_ID not in (select PhoneNumber from _cc_phone ) and (Message_Type like '2%'  or Message_Type ='1'  or Message_Type ='3') 
30/12/2008 18:20:18 : INFO: FTP:@ starting FTP cdr file
30/12/2008 18:20:18 : INFO: FTP @No CDR file found, sleep in 1 min
30/12/2008 18:41:18 : INFO: queuery database@SELECT ID, USER_ID, SERVICE_ID, MOBILE_OPERATOR,   COMMAND_CODE, INFO, DATE_FORMAT(SUBMIT_DATE,'%Y%m%d%H%i%s') SUBMIT_DATE, DATE_FORMAT(DONE_DATE,'%Y%m%d%H%i%s') DONE_DATE,  TOTAL_SEGMENTS , process_result,Message_Type ,SUBMIT_DATE SUBMIT_DATE_TIMESTAMP , DONE_DATE DONE_DATE_TIMESTAMP,REQUEST_ID,CPID FROM cdr_queue  where MOBILE_OPERATOR='VMS'  and  USER_ID not in (select PhoneNumber from _cc_phone ) and (Message_Type like '2%'  or Message_Type ='1'  or Message_Type ='3') 
30/12/2008 18:41:18 : INFO: FTP:@ starting FTP cdr file
30/12/2008 18:41:18 : INFO: FTP @No CDR file found, sleep in 1 min
30/12/2008 19:2:18 : INFO: queuery database@SELECT ID, USER_ID, SERVICE_ID, MOBILE_OPERATOR,   COMMAND_CODE, INFO, DATE_FORMAT(SUBMIT_DATE,'%Y%m%d%H%i%s') SUBMIT_DATE, DATE_FORMAT(DONE_DATE,'%Y%m%d%H%i%s') DONE_DATE,  TOTAL_SEGMENTS , process_result,Message_Type ,SUBMIT_DATE SUBMIT_DATE_TIMESTAMP , DONE_DATE DONE_DATE_TIMESTAMP,REQUEST_ID,CPID FROM cdr_queue  where MOBILE_OPERATOR='VMS'  and  USER_ID not in (select PhoneNumber from _cc_phone ) and (Message_Type like '2%'  or Message_Type ='1'  or Message_Type ='3') 
30/12/2008 19:2:18 : INFO: FTP:@ starting FTP cdr file
30/12/2008 19:2:18 : INFO: FTP @No CDR file found, sleep in 1 min
30/12/2008 19:23:19 : INFO: queuery database@SELECT ID, USER_ID, SERVICE_ID, MOBILE_OPERATOR,   COMMAND_CODE, INFO, DATE_FORMAT(SUBMIT_DATE,'%Y%m%d%H%i%s') SUBMIT_DATE, DATE_FORMAT(DONE_DATE,'%Y%m%d%H%i%s') DONE_DATE,  TOTAL_SEGMENTS , process_result,Message_Type ,SUBMIT_DATE SUBMIT_DATE_TIMESTAMP , DONE_DATE DONE_DATE_TIMESTAMP,REQUEST_ID,CPID FROM cdr_queue  where MOBILE_OPERATOR='VMS'  and  USER_ID not in (select PhoneNumber from _cc_phone ) and (Message_Type like '2%'  or Message_Type ='1'  or Message_Type ='3') 
30/12/2008 19:23:19 : INFO: FTP:@ starting FTP cdr file
30/12/2008 19:23:19 : INFO: FTP @No CDR file found, sleep in 1 min
30/12/2008 19:44:19 : INFO: queuery database@SELECT ID, USER_ID, SERVICE_ID, MOBILE_OPERATOR,   COMMAND_CODE, INFO, DATE_FORMAT(SUBMIT_DATE,'%Y%m%d%H%i%s') SUBMIT_DATE, DATE_FORMAT(DONE_DATE,'%Y%m%d%H%i%s') DONE_DATE,  TOTAL_SEGMENTS , process_result,Message_Type ,SUBMIT_DATE SUBMIT_DATE_TIMESTAMP , DONE_DATE DONE_DATE_TIMESTAMP,REQUEST_ID,CPID FROM cdr_queue  where MOBILE_OPERATOR='VMS'  and  USER_ID not in (select PhoneNumber from _cc_phone ) and (Message_Type like '2%'  or Message_Type ='1'  or Message_Type ='3') 
30/12/2008 19:44:19 : INFO: FTP:@ starting FTP cdr file
30/12/2008 19:44:19 : INFO: FTP @No CDR file found, sleep in 1 min
30/12/2008 20:5:19 : INFO: queuery database@SELECT ID, USER_ID, SERVICE_ID, MOBILE_OPERATOR,   COMMAND_CODE, INFO, DATE_FORMAT(SUBMIT_DATE,'%Y%m%d%H%i%s') SUBMIT_DATE, DATE_FORMAT(DONE_DATE,'%Y%m%d%H%i%s') DONE_DATE,  TOTAL_SEGMENTS , process_result,Message_Type ,SUBMIT_DATE SUBMIT_DATE_TIMESTAMP , DONE_DATE DONE_DATE_TIMESTAMP,REQUEST_ID,CPID FROM cdr_queue  where MOBILE_OPERATOR='VMS'  and  USER_ID not in (select PhoneNumber from _cc_phone ) and (Message_Type like '2%'  or Message_Type ='1'  or Message_Type ='3') 
30/12/2008 20:5:19 : INFO: FTP:@ starting FTP cdr file
30/12/2008 20:5:19 : INFO: FTP @No CDR file found, sleep in 1 min
30/12/2008 20:26:19 : INFO: queuery database@SELECT ID, USER_ID, SERVICE_ID, MOBILE_OPERATOR,   COMMAND_CODE, INFO, DATE_FORMAT(SUBMIT_DATE,'%Y%m%d%H%i%s') SUBMIT_DATE, DATE_FORMAT(DONE_DATE,'%Y%m%d%H%i%s') DONE_DATE,  TOTAL_SEGMENTS , process_result,Message_Type ,SUBMIT_DATE SUBMIT_DATE_TIMESTAMP , DONE_DATE DONE_DATE_TIMESTAMP,REQUEST_ID,CPID FROM cdr_queue  where MOBILE_OPERATOR='VMS'  and  USER_ID not in (select PhoneNumber from _cc_phone ) and (Message_Type like '2%'  or Message_Type ='1'  or Message_Type ='3') 
30/12/2008 20:26:19 : INFO: FTP:@ starting FTP cdr file
30/12/2008 20:26:19 : INFO: FTP @No CDR file found, sleep in 1 min
30/12/2008 20:47:20 : INFO: queuery database@SELECT ID, USER_ID, SERVICE_ID, MOBILE_OPERATOR,   COMMAND_CODE, INFO, DATE_FORMAT(SUBMIT_DATE,'%Y%m%d%H%i%s') SUBMIT_DATE, DATE_FORMAT(DONE_DATE,'%Y%m%d%H%i%s') DONE_DATE,  TOTAL_SEGMENTS , process_result,Message_Type ,SUBMIT_DATE SUBMIT_DATE_TIMESTAMP , DONE_DATE DONE_DATE_TIMESTAMP,REQUEST_ID,CPID FROM cdr_queue  where MOBILE_OPERATOR='VMS'  and  USER_ID not in (select PhoneNumber from _cc_phone ) and (Message_Type like '2%'  or Message_Type ='1'  or Message_Type ='3') 
30/12/2008 20:47:20 : INFO: FTP:@ starting FTP cdr file
30/12/2008 20:47:20 : INFO: FTP @No CDR file found, sleep in 1 min
30/12/2008 21:8:20 : INFO: queuery database@SELECT ID, USER_ID, SERVICE_ID, MOBILE_OPERATOR,   COMMAND_CODE, INFO, DATE_FORMAT(SUBMIT_DATE,'%Y%m%d%H%i%s') SUBMIT_DATE, DATE_FORMAT(DONE_DATE,'%Y%m%d%H%i%s') DONE_DATE,  TOTAL_SEGMENTS , process_result,Message_Type ,SUBMIT_DATE SUBMIT_DATE_TIMESTAMP , DONE_DATE DONE_DATE_TIMESTAMP,REQUEST_ID,CPID FROM cdr_queue  where MOBILE_OPERATOR='VMS'  and  USER_ID not in (select PhoneNumber from _cc_phone ) and (Message_Type like '2%'  or Message_Type ='1'  or Message_Type ='3') 
30/12/2008 21:8:20 : INFO: FTP:@ starting FTP cdr file
30/12/2008 21:8:20 : INFO: FTP @No CDR file found, sleep in 1 min
30/12/2008 21:29:20 : INFO: queuery database@SELECT ID, USER_ID, SERVICE_ID, MOBILE_OPERATOR,   COMMAND_CODE, INFO, DATE_FORMAT(SUBMIT_DATE,'%Y%m%d%H%i%s') SUBMIT_DATE, DATE_FORMAT(DONE_DATE,'%Y%m%d%H%i%s') DONE_DATE,  TOTAL_SEGMENTS , process_result,Message_Type ,SUBMIT_DATE SUBMIT_DATE_TIMESTAMP , DONE_DATE DONE_DATE_TIMESTAMP,REQUEST_ID,CPID FROM cdr_queue  where MOBILE_OPERATOR='VMS'  and  USER_ID not in (select PhoneNumber from _cc_phone ) and (Message_Type like '2%'  or Message_Type ='1'  or Message_Type ='3') 
30/12/2008 21:29:20 : INFO: FTP:@ starting FTP cdr file
30/12/2008 21:29:20 : INFO: FTP @No CDR file found, sleep in 1 min
30/12/2008 21:50:20 : INFO: queuery database@SELECT ID, USER_ID, SERVICE_ID, MOBILE_OPERATOR,   COMMAND_CODE, INFO, DATE_FORMAT(SUBMIT_DATE,'%Y%m%d%H%i%s') SUBMIT_DATE, DATE_FORMAT(DONE_DATE,'%Y%m%d%H%i%s') DONE_DATE,  TOTAL_SEGMENTS , process_result,Message_Type ,SUBMIT_DATE SUBMIT_DATE_TIMESTAMP , DONE_DATE DONE_DATE_TIMESTAMP,REQUEST_ID,CPID FROM cdr_queue  where MOBILE_OPERATOR='VMS'  and  USER_ID not in (select PhoneNumber from _cc_phone ) and (Message_Type like '2%'  or Message_Type ='1'  or Message_Type ='3') 
30/12/2008 21:50:20 : INFO: FTP:@ starting FTP cdr file
30/12/2008 21:50:20 : INFO: FTP @No CDR file found, sleep in 1 min
30/12/2008 22:11:21 : INFO: queuery database@SELECT ID, USER_ID, SERVICE_ID, MOBILE_OPERATOR,   COMMAND_CODE, INFO, DATE_FORMAT(SUBMIT_DATE,'%Y%m%d%H%i%s') SUBMIT_DATE, DATE_FORMAT(DONE_DATE,'%Y%m%d%H%i%s') DONE_DATE,  TOTAL_SEGMENTS , process_result,Message_Type ,SUBMIT_DATE SUBMIT_DATE_TIMESTAMP , DONE_DATE DONE_DATE_TIMESTAMP,REQUEST_ID,CPID FROM cdr_queue  where MOBILE_OPERATOR='VMS'  and  USER_ID not in (select PhoneNumber from _cc_phone ) and (Message_Type like '2%'  or Message_Type ='1'  or Message_Type ='3') 
30/12/2008 22:11:21 : INFO: FTP:@ starting FTP cdr file
30/12/2008 22:11:21 : INFO: FTP @No CDR file found, sleep in 1 min
30/12/2008 22:32:21 : INFO: queuery database@SELECT ID, USER_ID, SERVICE_ID, MOBILE_OPERATOR,   COMMAND_CODE, INFO, DATE_FORMAT(SUBMIT_DATE,'%Y%m%d%H%i%s') SUBMIT_DATE, DATE_FORMAT(DONE_DATE,'%Y%m%d%H%i%s') DONE_DATE,  TOTAL_SEGMENTS , process_result,Message_Type ,SUBMIT_DATE SUBMIT_DATE_TIMESTAMP , DONE_DATE DONE_DATE_TIMESTAMP,REQUEST_ID,CPID FROM cdr_queue  where MOBILE_OPERATOR='VMS'  and  USER_ID not in (select PhoneNumber from _cc_phone ) and (Message_Type like '2%'  or Message_Type ='1'  or Message_Type ='3') 
30/12/2008 22:32:21 : INFO: FTP:@ starting FTP cdr file
30/12/2008 22:32:21 : INFO: FTP @No CDR file found, sleep in 1 min
30/12/2008 22:53:21 : INFO: queuery database@SELECT ID, USER_ID, SERVICE_ID, MOBILE_OPERATOR,   COMMAND_CODE, INFO, DATE_FORMAT(SUBMIT_DATE,'%Y%m%d%H%i%s') SUBMIT_DATE, DATE_FORMAT(DONE_DATE,'%Y%m%d%H%i%s') DONE_DATE,  TOTAL_SEGMENTS , process_result,Message_Type ,SUBMIT_DATE SUBMIT_DATE_TIMESTAMP , DONE_DATE DONE_DATE_TIMESTAMP,REQUEST_ID,CPID FROM cdr_queue  where MOBILE_OPERATOR='VMS'  and  USER_ID not in (select PhoneNumber from _cc_phone ) and (Message_Type like '2%'  or Message_Type ='1'  or Message_Type ='3') 
30/12/2008 22:53:21 : INFO: FTP:@ starting FTP cdr file
30/12/2008 22:53:21 : INFO: FTP @No CDR file found, sleep in 1 min
30/12/2008 23:14:22 : INFO: queuery database@SELECT ID, USER_ID, SERVICE_ID, MOBILE_OPERATOR,   COMMAND_CODE, INFO, DATE_FORMAT(SUBMIT_DATE,'%Y%m%d%H%i%s') SUBMIT_DATE, DATE_FORMAT(DONE_DATE,'%Y%m%d%H%i%s') DONE_DATE,  TOTAL_SEGMENTS , process_result,Message_Type ,SUBMIT_DATE SUBMIT_DATE_TIMESTAMP , DONE_DATE DONE_DATE_TIMESTAMP,REQUEST_ID,CPID FROM cdr_queue  where MOBILE_OPERATOR='VMS'  and  USER_ID not in (select PhoneNumber from _cc_phone ) and (Message_Type like '2%'  or Message_Type ='1'  or Message_Type ='3') 
30/12/2008 23:14:22 : INFO: FTP:@ starting FTP cdr file
30/12/2008 23:14:22 : INFO: FTP @No CDR file found, sleep in 1 min
30/12/2008 23:35:22 : INFO: queuery database@SELECT ID, USER_ID, SERVICE_ID, MOBILE_OPERATOR,   COMMAND_CODE, INFO, DATE_FORMAT(SUBMIT_DATE,'%Y%m%d%H%i%s') SUBMIT_DATE, DATE_FORMAT(DONE_DATE,'%Y%m%d%H%i%s') DONE_DATE,  TOTAL_SEGMENTS , process_result,Message_Type ,SUBMIT_DATE SUBMIT_DATE_TIMESTAMP , DONE_DATE DONE_DATE_TIMESTAMP,REQUEST_ID,CPID FROM cdr_queue  where MOBILE_OPERATOR='VMS'  and  USER_ID not in (select PhoneNumber from _cc_phone ) and (Message_Type like '2%'  or Message_Type ='1'  or Message_Type ='3') 
30/12/2008 23:35:22 : INFO: FTP:@ starting FTP cdr file
30/12/2008 23:35:22 : INFO: FTP @No CDR file found, sleep in 1 min
30/12/2008 23:56:22 : INFO: queuery database@SELECT ID, USER_ID, SERVICE_ID, MOBILE_OPERATOR,   COMMAND_CODE, INFO, DATE_FORMAT(SUBMIT_DATE,'%Y%m%d%H%i%s') SUBMIT_DATE, DATE_FORMAT(DONE_DATE,'%Y%m%d%H%i%s') DONE_DATE,  TOTAL_SEGMENTS , process_result,Message_Type ,SUBMIT_DATE SUBMIT_DATE_TIMESTAMP , DONE_DATE DONE_DATE_TIMESTAMP,REQUEST_ID,CPID FROM cdr_queue  where MOBILE_OPERATOR='VMS'  and  USER_ID not in (select PhoneNumber from _cc_phone ) and (Message_Type like '2%'  or Message_Type ='1'  or Message_Type ='3') 
30/12/2008 23:56:22 : INFO: FTP:@ starting FTP cdr file
30/12/2008 23:56:22 : INFO: FTP @No CDR file found, sleep in 1 min
